This is pdfTeX, Version 3.14159265-2.6-1.40.17 (TeX Live 2016) (preloaded format=pdflatex 2016.5.22)  4 DEC 2016 15:40
entering extended mode
 restricted \write18 enabled.
 %&-line parsing enabled.
**eda.tex
(./eda.tex
LaTeX2e <2016/03/31>
Babel <3.9r> and hyphenation patterns for 83 language(s) loaded.
(/usr/local/texlive/2016/texmf-dist/tex/latex/base/article.cls
Document Class: article 2014/09/29 v1.4h Standard LaTeX document class
(/usr/local/texlive/2016/texmf-dist/tex/latex/base/size10.clo
File: size10.clo 2014/09/29 v1.4h Standard LaTeX file (size option)
)
\c@part=\count79
\c@section=\count80
\c@subsection=\count81
\c@subsubsection=\count82
\c@paragraph=\count83
\c@subparagraph=\count84
\c@figure=\count85
\c@table=\count86
\abovecaptionskip=\skip41
\belowcaptionskip=\skip42
\bibindent=\dimen102
)
(/usr/local/texlive/2016/texmf-dist/tex/latex/amsmath/amsmath.sty
Package: amsmath 2016/03/10 v2.15b AMS math features
\@mathmargin=\skip43

For additional information on amsmath, use the `?' option.
(/usr/local/texlive/2016/texmf-dist/tex/latex/amsmath/amstext.sty
Package: amstext 2000/06/29 v2.01 AMS text

(/usr/local/texlive/2016/texmf-dist/tex/latex/amsmath/amsgen.sty
File: amsgen.sty 1999/11/30 v2.0 generic functions
\@emptytoks=\toks14
\ex@=\dimen103
))
(/usr/local/texlive/2016/texmf-dist/tex/latex/amsmath/amsbsy.sty
Package: amsbsy 1999/11/29 v1.2d Bold Symbols
\pmbraise@=\dimen104
)
(/usr/local/texlive/2016/texmf-dist/tex/latex/amsmath/amsopn.sty
Package: amsopn 2016/03/08 v2.02 operator names
)
\inf@bad=\count87
LaTeX Info: Redefining \frac on input line 199.
\uproot@=\count88
\leftroot@=\count89
LaTeX Info: Redefining \overline on input line 297.
\classnum@=\count90
\DOTSCASE@=\count91
LaTeX Info: Redefining \ldots on input line 394.
LaTeX Info: Redefining \dots on input line 397.
LaTeX Info: Redefining \cdots on input line 518.
\Mathstrutbox@=\box26
\strutbox@=\box27
\big@size=\dimen105
LaTeX Font Info:    Redeclaring font encoding OML on input line 634.
LaTeX Font Info:    Redeclaring font encoding OMS on input line 635.
\macc@depth=\count92
\c@MaxMatrixCols=\count93
\dotsspace@=\muskip10
\c@parentequation=\count94
\dspbrk@lvl=\count95
\tag@help=\toks15
\row@=\count96
\column@=\count97
\maxfields@=\count98
\andhelp@=\toks16
\eqnshift@=\dimen106
\alignsep@=\dimen107
\tagshift@=\dimen108
\tagwidth@=\dimen109
\totwidth@=\dimen110
\lineht@=\dimen111
\@envbody=\toks17
\multlinegap=\skip44
\multlinetaggap=\skip45
\mathdisplay@stack=\toks18
LaTeX Info: Redefining \[ on input line 2739.
LaTeX Info: Redefining \] on input line 2740.
)
(/usr/local/texlive/2016/texmf-dist/tex/latex/graphics/graphicx.sty
Package: graphicx 2014/10/28 v1.0g Enhanced LaTeX Graphics (DPC,SPQR)

(/usr/local/texlive/2016/texmf-dist/tex/latex/graphics/keyval.sty
Package: keyval 2014/10/28 v1.15 key=value parser (DPC)
\KV@toks@=\toks19
)
(/usr/local/texlive/2016/texmf-dist/tex/latex/graphics/graphics.sty
Package: graphics 2016/05/09 v1.0r Standard LaTeX Graphics (DPC,SPQR)

(/usr/local/texlive/2016/texmf-dist/tex/latex/graphics/trig.sty
Package: trig 2016/01/03 v1.10 sin cos tan (DPC)
)
(/usr/local/texlive/2016/texmf-dist/tex/latex/graphics-cfg/graphics.cfg
File: graphics.cfg 2016/01/02 v1.10 sample graphics configuration
)
Package graphics Info: Driver file: pdftex.def on input line 96.

(/usr/local/texlive/2016/texmf-dist/tex/latex/pdftex-def/pdftex.def
File: pdftex.def 2011/05/27 v0.06d Graphics/color for pdfTeX

(/usr/local/texlive/2016/texmf-dist/tex/generic/oberdiek/infwarerr.sty
Package: infwarerr 2016/05/16 v1.4 Providing info/warning/error messages (HO)
)
(/usr/local/texlive/2016/texmf-dist/tex/generic/oberdiek/ltxcmds.sty
Package: ltxcmds 2016/05/16 v1.23 LaTeX kernel commands for general use (HO)
)
\Gread@gobject=\count99
))
\Gin@req@height=\dimen112
\Gin@req@width=\dimen113
)
(/usr/local/texlive/2016/texmf-dist/tex/latex/geometry/geometry.sty
Package: geometry 2010/09/12 v5.6 Page Geometry

(/usr/local/texlive/2016/texmf-dist/tex/generic/oberdiek/ifpdf.sty
Package: ifpdf 2016/05/14 v3.1 Provides the ifpdf switch
)
(/usr/local/texlive/2016/texmf-dist/tex/generic/oberdiek/ifvtex.sty
Package: ifvtex 2016/05/16 v1.6 Detect VTeX and its facilities (HO)
Package ifvtex Info: VTeX not detected.
)
(/usr/local/texlive/2016/texmf-dist/tex/generic/ifxetex/ifxetex.sty
Package: ifxetex 2010/09/12 v0.6 Provides ifxetex conditional
)
\Gm@cnth=\count100
\Gm@cntv=\count101
\c@Gm@tempcnt=\count102
\Gm@bindingoffset=\dimen114
\Gm@wd@mp=\dimen115
\Gm@odd@mp=\dimen116
\Gm@even@mp=\dimen117
\Gm@layoutwidth=\dimen118
\Gm@layoutheight=\dimen119
\Gm@layouthoffset=\dimen120
\Gm@layoutvoffset=\dimen121
\Gm@dimlist=\toks20
)
(/usr/local/texlive/2016/texmf-dist/tex/latex/float/float.sty
Package: float 2001/11/08 v1.3d Float enhancements (AL)
\c@float@type=\count103
\float@exts=\toks21
\float@box=\box28
\@float@everytoks=\toks22
\@floatcapt=\box29
)
(/Library/Frameworks/R.framework/Resources/share/texmf/tex/latex/Sweave.sty
Package: Sweave 

(/usr/local/texlive/2016/texmf-dist/tex/latex/base/ifthen.sty
Package: ifthen 2014/09/29 v1.1c Standard LaTeX ifthen package (DPC)
)
(/usr/local/texlive/2016/texmf-dist/tex/latex/fancyvrb/fancyvrb.sty
Package: fancyvrb 2008/02/07

Style option: `fancyvrb' v2.7a, with DG/SPQR fixes, and firstline=lastline fix 
<2008/02/07> (tvz)
\FV@CodeLineNo=\count104
\FV@InFile=\read1
\FV@TabBox=\box30
\c@FancyVerbLine=\count105
\FV@StepNumber=\count106
\FV@OutFile=\write3
)
(/usr/local/texlive/2016/texmf-dist/tex/latex/base/textcomp.sty
Package: textcomp 2005/09/27 v1.99g Standard LaTeX package
Package textcomp Info: Sub-encoding information:
(textcomp)               5 = only ISO-Adobe without \textcurrency
(textcomp)               4 = 5 + \texteuro
(textcomp)               3 = 4 + \textohm
(textcomp)               2 = 3 + \textestimated + \textcurrency
(textcomp)               1 = TS1 - \textcircled - \t
(textcomp)               0 = TS1 (full)
(textcomp)             Font families with sub-encoding setting implement
(textcomp)             only a restricted character set as indicated.
(textcomp)             Family '?' is the default used for unknown fonts.
(textcomp)             See the documentation for details.
Package textcomp Info: Setting ? sub-encoding to TS1/1 on input line 79.

(/usr/local/texlive/2016/texmf-dist/tex/latex/base/ts1enc.def
File: ts1enc.def 2001/06/05 v3.0e (jk/car/fm) Standard LaTeX file
)
LaTeX Info: Redefining \oldstylenums on input line 334.
Package textcomp Info: Setting cmr sub-encoding to TS1/0 on input line 349.
Package textcomp Info: Setting cmss sub-encoding to TS1/0 on input line 350.
Package textcomp Info: Setting cmtt sub-encoding to TS1/0 on input line 351.
Package textcomp Info: Setting cmvtt sub-encoding to TS1/0 on input line 352.
Package textcomp Info: Setting cmbr sub-encoding to TS1/0 on input line 353.
Package textcomp Info: Setting cmtl sub-encoding to TS1/0 on input line 354.
Package textcomp Info: Setting ccr sub-encoding to TS1/0 on input line 355.
Package textcomp Info: Setting ptm sub-encoding to TS1/4 on input line 356.
Package textcomp Info: Setting pcr sub-encoding to TS1/4 on input line 357.
Package textcomp Info: Setting phv sub-encoding to TS1/4 on input line 358.
Package textcomp Info: Setting ppl sub-encoding to TS1/3 on input line 359.
Package textcomp Info: Setting pag sub-encoding to TS1/4 on input line 360.
Package textcomp Info: Setting pbk sub-encoding to TS1/4 on input line 361.
Package textcomp Info: Setting pnc sub-encoding to TS1/4 on input line 362.
Package textcomp Info: Setting pzc sub-encoding to TS1/4 on input line 363.
Package textcomp Info: Setting bch sub-encoding to TS1/4 on input line 364.
Package textcomp Info: Setting put sub-encoding to TS1/5 on input line 365.
Package textcomp Info: Setting uag sub-encoding to TS1/5 on input line 366.
Package textcomp Info: Setting ugq sub-encoding to TS1/5 on input line 367.
Package textcomp Info: Setting ul8 sub-encoding to TS1/4 on input line 368.
Package textcomp Info: Setting ul9 sub-encoding to TS1/4 on input line 369.
Package textcomp Info: Setting augie sub-encoding to TS1/5 on input line 370.
Package textcomp Info: Setting dayrom sub-encoding to TS1/3 on input line 371.
Package textcomp Info: Setting dayroms sub-encoding to TS1/3 on input line 372.

Package textcomp Info: Setting pxr sub-encoding to TS1/0 on input line 373.
Package textcomp Info: Setting pxss sub-encoding to TS1/0 on input line 374.
Package textcomp Info: Setting pxtt sub-encoding to TS1/0 on input line 375.
Package textcomp Info: Setting txr sub-encoding to TS1/0 on input line 376.
Package textcomp Info: Setting txss sub-encoding to TS1/0 on input line 377.
Package textcomp Info: Setting txtt sub-encoding to TS1/0 on input line 378.
Package textcomp Info: Setting lmr sub-encoding to TS1/0 on input line 379.
Package textcomp Info: Setting lmdh sub-encoding to TS1/0 on input line 380.
Package textcomp Info: Setting lmss sub-encoding to TS1/0 on input line 381.
Package textcomp Info: Setting lmssq sub-encoding to TS1/0 on input line 382.
Package textcomp Info: Setting lmvtt sub-encoding to TS1/0 on input line 383.
Package textcomp Info: Setting lmtt sub-encoding to TS1/0 on input line 384.
Package textcomp Info: Setting qhv sub-encoding to TS1/0 on input line 385.
Package textcomp Info: Setting qag sub-encoding to TS1/0 on input line 386.
Package textcomp Info: Setting qbk sub-encoding to TS1/0 on input line 387.
Package textcomp Info: Setting qcr sub-encoding to TS1/0 on input line 388.
Package textcomp Info: Setting qcs sub-encoding to TS1/0 on input line 389.
Package textcomp Info: Setting qpl sub-encoding to TS1/0 on input line 390.
Package textcomp Info: Setting qtm sub-encoding to TS1/0 on input line 391.
Package textcomp Info: Setting qzc sub-encoding to TS1/0 on input line 392.
Package textcomp Info: Setting qhvc sub-encoding to TS1/0 on input line 393.
Package textcomp Info: Setting futs sub-encoding to TS1/4 on input line 394.
Package textcomp Info: Setting futx sub-encoding to TS1/4 on input line 395.
Package textcomp Info: Setting futj sub-encoding to TS1/4 on input line 396.
Package textcomp Info: Setting hlh sub-encoding to TS1/3 on input line 397.
Package textcomp Info: Setting hls sub-encoding to TS1/3 on input line 398.
Package textcomp Info: Setting hlst sub-encoding to TS1/3 on input line 399.
Package textcomp Info: Setting hlct sub-encoding to TS1/5 on input line 400.
Package textcomp Info: Setting hlx sub-encoding to TS1/5 on input line 401.
Package textcomp Info: Setting hlce sub-encoding to TS1/5 on input line 402.
Package textcomp Info: Setting hlcn sub-encoding to TS1/5 on input line 403.
Package textcomp Info: Setting hlcw sub-encoding to TS1/5 on input line 404.
Package textcomp Info: Setting hlcf sub-encoding to TS1/5 on input line 405.
Package textcomp Info: Setting pplx sub-encoding to TS1/3 on input line 406.
Package textcomp Info: Setting pplj sub-encoding to TS1/3 on input line 407.
Package textcomp Info: Setting ptmx sub-encoding to TS1/4 on input line 408.
Package textcomp Info: Setting ptmj sub-encoding to TS1/4 on input line 409.
)
(/usr/local/texlive/2016/texmf-dist/tex/latex/base/fontenc.sty
Package: fontenc 2005/09/27 v1.99g Standard LaTeX package

(/usr/local/texlive/2016/texmf-dist/tex/latex/base/t1enc.def
File: t1enc.def 2005/09/27 v1.99g Standard LaTeX file
LaTeX Font Info:    Redeclaring font encoding T1 on input line 48.
))
(/usr/local/texlive/2016/texmf-dist/tex/latex/ae/ae.sty
Package: ae 2001/02/12 1.3 Almost European Computer Modern

(/usr/local/texlive/2016/texmf-dist/tex/latex/base/fontenc.sty
Package: fontenc 2005/09/27 v1.99g Standard LaTeX package

(/usr/local/texlive/2016/texmf-dist/tex/latex/base/t1enc.def
File: t1enc.def 2005/09/27 v1.99g Standard LaTeX file
LaTeX Font Info:    Redeclaring font encoding T1 on input line 48.
)
LaTeX Font Info:    Try loading font information for T1+aer on input line 105.

(/usr/local/texlive/2016/texmf-dist/tex/latex/ae/t1aer.fd
File: t1aer.fd 1997/11/16 Font definitions for T1/aer.
)))) (./eda.aux

LaTeX Warning: Label `fig:Completion Rates' multiply defined.


LaTeX Warning: Label `fig:Completion Rates' multiply defined.


LaTeX Warning: Label `fig:Completion Rates' multiply defined.

)
\openout1 = `eda.aux'.

LaTeX Font Info:    Checking defaults for OML/cmm/m/it on input line 7.
LaTeX Font Info:    ... okay on input line 7.
LaTeX Font Info:    Checking defaults for T1/cmr/m/n on input line 7.
LaTeX Font Info:    ... okay on input line 7.
LaTeX Font Info:    Checking defaults for OT1/cmr/m/n on input line 7.
LaTeX Font Info:    ... okay on input line 7.
LaTeX Font Info:    Checking defaults for OMS/cmsy/m/n on input line 7.
LaTeX Font Info:    ... okay on input line 7.
LaTeX Font Info:    Checking defaults for OMX/cmex/m/n on input line 7.
LaTeX Font Info:    ... okay on input line 7.
LaTeX Font Info:    Checking defaults for U/cmr/m/n on input line 7.
LaTeX Font Info:    ... okay on input line 7.
LaTeX Font Info:    Checking defaults for TS1/cmr/m/n on input line 7.
LaTeX Font Info:    Try loading font information for TS1+cmr on input line 7.
 (/usr/local/texlive/2016/texmf-dist/tex/latex/base/ts1cmr.fd
File: ts1cmr.fd 2014/09/29 v2.5h Standard LaTeX font definitions
)
LaTeX Font Info:    ... okay on input line 7.

(/usr/local/texlive/2016/texmf-dist/tex/context/base/mkii/supp-pdf.mkii
[Loading MPS to PDF converter (version 2006.09.02).]
\scratchcounter=\count107
\scratchdimen=\dimen122
\scratchbox=\box31
\nofMPsegments=\count108
\nofMParguments=\count109
\everyMPshowfont=\toks23
\MPscratchCnt=\count110
\MPscratchDim=\dimen123
\MPnumerator=\count111
\makeMPintoPDFobject=\count112
\everyMPtoPDFconversion=\toks24
) (/usr/local/texlive/2016/texmf-dist/tex/generic/oberdiek/pdftexcmds.sty
Package: pdftexcmds 2016/05/10 v0.21 Utility functions of pdfTeX for LuaTeX (HO
)

(/usr/local/texlive/2016/texmf-dist/tex/generic/oberdiek/ifluatex.sty
Package: ifluatex 2016/05/16 v1.4 Provides the ifluatex switch (HO)
Package ifluatex Info: LuaTeX not detected.
)
Package pdftexcmds Info: LuaTeX not detected.
Package pdftexcmds Info: \pdf@primitive is available.
Package pdftexcmds Info: \pdf@ifprimitive is available.
Package pdftexcmds Info: \pdfdraftmode found.
)
(/usr/local/texlive/2016/texmf-dist/tex/latex/oberdiek/epstopdf-base.sty
Package: epstopdf-base 2016/05/15 v2.6 Base part for package epstopdf

(/usr/local/texlive/2016/texmf-dist/tex/latex/oberdiek/grfext.sty
Package: grfext 2016/05/16 v1.2 Manage graphics extensions (HO)

(/usr/local/texlive/2016/texmf-dist/tex/generic/oberdiek/kvdefinekeys.sty
Package: kvdefinekeys 2016/05/16 v1.4 Define keys (HO)
))
(/usr/local/texlive/2016/texmf-dist/tex/latex/oberdiek/kvoptions.sty
Package: kvoptions 2016/05/16 v3.12 Key value format for package options (HO)

(/usr/local/texlive/2016/texmf-dist/tex/generic/oberdiek/kvsetkeys.sty
Package: kvsetkeys 2016/05/16 v1.17 Key value parser (HO)

(/usr/local/texlive/2016/texmf-dist/tex/generic/oberdiek/etexcmds.sty
Package: etexcmds 2016/05/16 v1.6 Avoid name clashes with e-TeX commands (HO)
Package etexcmds Info: Could not find \expanded.
(etexcmds)             That can mean that you are not using pdfTeX 1.50 or
(etexcmds)             that some package has redefined \expanded.
(etexcmds)             In the latter case, load this package earlier.
)))
Package grfext Info: Graphics extension search list:
(grfext)             [.png,.pdf,.jpg,.mps,.jpeg,.jbig2,.jb2,.PNG,.PDF,.JPG,.JPE
G,.JBIG2,.JB2,.eps]
(grfext)             \AppendGraphicsExtensions on input line 456.

(/usr/local/texlive/2016/texmf-dist/tex/latex/latexconfig/epstopdf-sys.cfg
File: epstopdf-sys.cfg 2010/07/13 v1.3 Configuration of (r)epstopdf for TeX Liv
e
))
*geometry* driver: auto-detecting
*geometry* detected driver: pdftex
*geometry* verbose mode - [ preamble ] result:
* driver: pdftex
* paper: <default>
* layout: <same size as paper>
* layoutoffset:(h,v)=(0.0pt,0.0pt)
* modes: 
* h-part:(L,W,R)=(54.2025pt, 505.89pt, 54.2025pt)
* v-part:(T,H,B)=(54.2025pt, 686.56499pt, 54.2025pt)
* \paperwidth=614.295pt
* \paperheight=794.96999pt
* \textwidth=505.89pt
* \textheight=686.56499pt
* \oddsidemargin=-18.06749pt
* \evensidemargin=-18.06749pt
* \topmargin=-55.06749pt
* \headheight=12.0pt
* \headsep=25.0pt
* \topskip=10.0pt
* \footskip=30.0pt
* \marginparwidth=65.0pt
* \marginparsep=11.0pt
* \columnsep=10.0pt
* \skip\footins=9.0pt plus 4.0pt minus 2.0pt
* \hoffset=0.0pt
* \voffset=0.0pt
* \mag=1000
* \@twocolumnfalse
* \@twosidefalse
* \@mparswitchfalse
* \@reversemarginfalse
* (1in=72.27pt=25.4mm, 1cm=28.453pt)

(./eda-concordance.tex)
<../images/eda_scatterplots/gap_completion_white_black_cohort.png, id=2, 481.8p
t x 481.8pt>
File: ../images/eda_scatterplots/gap_completion_white_black_cohort.png Graphic 
file (type png)

<use ../images/eda_scatterplots/gap_completion_white_black_cohort.png>
Package pdftex.def Info: ../images/eda_scatterplots/gap_completion_white_black_
cohort.png used on input line 20.
(pdftex.def)             Requested size: 151.76854pt x 151.76779pt.

<../images/eda_scatterplots/gap_completion_white_hispanic_cohort.png, id=4, 481
.8pt x 481.8pt>
File: ../images/eda_scatterplots/gap_completion_white_hispanic_cohort.png Graph
ic file (type png)

<use ../images/eda_scatterplots/gap_completion_white_hispanic_cohort.png>
Package pdftex.def Info: ../images/eda_scatterplots/gap_completion_white_hispan
ic_cohort.png used on input line 21.
(pdftex.def)             Requested size: 151.76854pt x 151.76779pt.

<../images/eda_scatterplots/gap_completion_white_asian_cohort.png, id=5, 481.8p
t x 481.8pt>
File: ../images/eda_scatterplots/gap_completion_white_asian_cohort.png Graphic 
file (type png)

<use ../images/eda_scatterplots/gap_completion_white_asian_cohort.png>
Package pdftex.def Info: ../images/eda_scatterplots/gap_completion_white_asian_
cohort.png used on input line 22.
(pdftex.def)             Requested size: 151.76854pt x 151.76779pt.

<../images/eda_scatterplots/gap_earnings_high_low_cohort.png, id=6, 481.8pt x 4
81.8pt>
File: ../images/eda_scatterplots/gap_earnings_high_low_cohort.png Graphic file 
(type png)
 <use ../images/eda_scatterplots/gap_earnings_high_low_cohort.png>
Package pdftex.def Info: ../images/eda_scatterplots/gap_earnings_high_low_cohor
t.png used on input line 28.
(pdftex.def)             Requested size: 151.76854pt x 151.76779pt.

<../images/eda_scatterplots/gap_earnings_high_mid_cohort.png, id=7, 481.8pt x 4
81.8pt>
File: ../images/eda_scatterplots/gap_earnings_high_mid_cohort.png Graphic file 
(type png)
 <use ../images/eda_scatterplots/gap_earnings_high_mid_cohort.png>
Package pdftex.def Info: ../images/eda_scatterplots/gap_earnings_high_mid_cohor
t.png used on input line 29.
(pdftex.def)             Requested size: 151.76854pt x 151.76779pt.

<../images/eda_scatterplots/gap_earnings_mid_low_cohort.png, id=8, 481.8pt x 48
1.8pt>
File: ../images/eda_scatterplots/gap_earnings_mid_low_cohort.png Graphic file (
type png)
 <use ../images/eda_scatterplots/gap_earnings_mid_low_cohort.png>
Package pdftex.def Info: ../images/eda_scatterplots/gap_earnings_mid_low_cohort
.png used on input line 30.
(pdftex.def)             Requested size: 151.76854pt x 151.76779pt.

<../images/eda_scatterplots/gap_completion_white_black.png, id=9, 481.8pt x 481
.8pt>
File: ../images/eda_scatterplots/gap_completion_white_black.png Graphic file (t
ype png)
 <use ../images/eda_scatterplots/gap_completion_white_black.png>
Package pdftex.def Info: ../images/eda_scatterplots/gap_completion_white_black.
png used on input line 39.
(pdftex.def)             Requested size: 151.76854pt x 151.76779pt.

<../images/eda_scatterplots/gap_completion_white_hispanic.png, id=10, 481.8pt x
 481.8pt>
File: ../images/eda_scatterplots/gap_completion_white_hispanic.png Graphic file
 (type png)
 <use ../images/eda_scatterplots/gap_completion_white_hispanic.png>
Package pdftex.def Info: ../images/eda_scatterplots/gap_completion_white_hispan
ic.png used on input line 40.
(pdftex.def)             Requested size: 151.76854pt x 151.76779pt.
File: ../images/eda_scatterplots/gap_completion_white_black.png Graphic file (t
ype png)

<use ../images/eda_scatterplots/gap_completion_white_black.png>
Package pdftex.def Info: ../images/eda_scatterplots/gap_completion_white_black.
png used on input line 41.
(pdftex.def)             Requested size: 151.76854pt x 151.76779pt.
 [1

{/usr/local/texlive/2016/texmf-var/fonts/map/pdftex/updmap/pdftex.map} <../imag
es/eda_scatterplots/gap_completion_white_black_cohort.png> <../images/eda_scatt
erplots/gap_completion_white_hispanic_cohort.png> <../images/eda_scatterplots/g
ap_completion_white_asian_cohort.png> <../images/eda_scatterplots/gap_earnings_
high_low_cohort.png> <../images/eda_scatterplots/gap_earnings_high_mid_cohort.p
ng> <../images/eda_scatterplots/gap_earnings_mid_low_cohort.png>]
<../images/eda_scatterplots/gap_completion_white_black_zoom.png, id=24, 481.8pt
 x 481.8pt>
File: ../images/eda_scatterplots/gap_completion_white_black_zoom.png Graphic fi
le (type png)

<use ../images/eda_scatterplots/gap_completion_white_black_zoom.png>
Package pdftex.def Info: ../images/eda_scatterplots/gap_completion_white_black_
zoom.png used on input line 49.
(pdftex.def)             Requested size: 151.76854pt x 151.76779pt.

<../images/eda_scatterplots/gap_completion_white_hispanic_zoom.png, id=25, 481.
8pt x 481.8pt>
File: ../images/eda_scatterplots/gap_completion_white_hispanic_zoom.png Graphic
 file (type png)

<use ../images/eda_scatterplots/gap_completion_white_hispanic_zoom.png>
Package pdftex.def Info: ../images/eda_scatterplots/gap_completion_white_hispan
ic_zoom.png used on input line 50.
(pdftex.def)             Requested size: 151.76854pt x 151.76779pt.

<../images/eda_scatterplots/gap_completion_white_asian_zoom.png, id=26, 481.8pt
 x 481.8pt>
File: ../images/eda_scatterplots/gap_completion_white_asian_zoom.png Graphic fi
le (type png)

<use ../images/eda_scatterplots/gap_completion_white_asian_zoom.png>
Package pdftex.def Info: ../images/eda_scatterplots/gap_completion_white_asian_
zoom.png used on input line 51.
(pdftex.def)             Requested size: 151.76854pt x 151.76779pt.

<../images/eda_scatterplots/gap_earnings_high_low.png, id=27, 481.8pt x 481.8pt
>
File: ../images/eda_scatterplots/gap_earnings_high_low.png Graphic file (type p
ng)
 <use ../images/eda_scatterplots/gap_earnings_high_low.png>
Package pdftex.def Info: ../images/eda_scatterplots/gap_earnings_high_low.png u
sed on input line 59.
(pdftex.def)             Requested size: 151.76854pt x 151.76779pt.

<../images/eda_scatterplots/gap_earnings_high_mid.png, id=28, 481.8pt x 481.8pt
>
File: ../images/eda_scatterplots/gap_earnings_high_mid.png Graphic file (type p
ng)
 <use ../images/eda_scatterplots/gap_earnings_high_mid.png>
Package pdftex.def Info: ../images/eda_scatterplots/gap_earnings_high_mid.png u
sed on input line 60.
(pdftex.def)             Requested size: 151.76854pt x 151.76779pt.

<../images/eda_scatterplots/gap_earnings_mid_low.png, id=29, 481.8pt x 481.8pt>
File: ../images/eda_scatterplots/gap_earnings_mid_low.png Graphic file (type pn
g)
<use ../images/eda_scatterplots/gap_earnings_mid_low.png>
Package pdftex.def Info: ../images/eda_scatterplots/gap_earnings_mid_low.png us
ed on input line 61.
(pdftex.def)             Requested size: 151.76854pt x 151.76779pt.

<../images/eda_scatterplots/gap_earnings_high_low_zoom.png, id=30, 481.8pt x 48
1.8pt>
File: ../images/eda_scatterplots/gap_earnings_high_low_zoom.png Graphic file (t
ype png)
 <use ../images/eda_scatterplots/gap_earnings_high_low_zoom.png>
Package pdftex.def Info: ../images/eda_scatterplots/gap_earnings_high_low_zoom.
png used on input line 69.
(pdftex.def)             Requested size: 151.76854pt x 151.76779pt.

<../images/eda_scatterplots/gap_earnings_high_mid_zoom.png, id=31, 481.8pt x 48
1.8pt>
File: ../images/eda_scatterplots/gap_earnings_high_mid_zoom.png Graphic file (t
ype png)
 <use ../images/eda_scatterplots/gap_earnings_high_mid_zoom.png>
Package pdftex.def Info: ../images/eda_scatterplots/gap_earnings_high_mid_zoom.
png used on input line 70.
(pdftex.def)             Requested size: 151.76854pt x 151.76779pt.

<../images/eda_scatterplots/gap_earnings_mid_low_zoom.png, id=32, 481.8pt x 481
.8pt>
File: ../images/eda_scatterplots/gap_earnings_mid_low_zoom.png Graphic file (ty
pe png)
 <use ../images/eda_scatterplots/gap_earnings_mid_low_zoom.png>
Package pdftex.def Info: ../images/eda_scatterplots/gap_earnings_mid_low_zoom.p
ng used on input line 71.
(pdftex.def)             Requested size: 151.76854pt x 151.76779pt.
 [2 <../images/eda_scatterplots/gap_completion_white_black.png> <../images/eda_
scatterplots/gap_completion_white_hispanic.png> <../images/eda_scatterplots/gap
_completion_white_black_zoom.png> <../images/eda_scatterplots/gap_completion_wh
ite_hispanic_zoom.png> <../images/eda_scatterplots/gap_completion_white_asian_z
oom.png> <../images/eda_scatterplots/gap_earnings_high_low.png> <../images/eda_
scatterplots/gap_earnings_high_mid.png> <../images/eda_scatterplots/gap_earning
s_mid_low.png>] [3 <../images/eda_scatterplots/gap_earnings_high_low_zoom.png> 
<../images/eda_scatterplots/gap_earnings_high_mid_zoom.png> <../images/eda_scat
terplots/gap_earnings_mid_low_zoom.png>] (./eda.aux)

LaTeX Warning: There were multiply-defined labels.

 ) 
Here is how much of TeX's memory you used:
 3871 strings out of 493014
 57692 string characters out of 6133351
 118162 words of memory out of 5000000
 7335 multiletter control sequences out of 15000+600000
 11195 words of font info for 25 fonts, out of 8000000 for 9000
 1141 hyphenation exceptions out of 8191
 38i,5n,32p,499b,229s stack positions out of 5000i,500n,10000p,200000b,80000s
</usr/local/texlive/2016/texmf-dist/fonts/type1/public/amsfonts/cm/cmbx12.pfb
></usr/local/texlive/2016/texmf-dist/fonts/type1/public/amsfonts/cm/cmr10.pfb>
Output written on eda.pdf (3 pages, 734112 bytes).
PDF statistics:
 58 PDF objects out of 1000 (max. 8388607)
 15 compressed objects within 1 object stream
 0 named destinations out of 1000 (max. 500000)
 90 words of extra memory for PDF output out of 10000 (max. 10000000)

